<?xml version="1.0" encoding="UTF-8"?>
<!-- Generated by org.testng.reporters.JUnitReportReporter -->
<testsuite skipped="0" hostname="DESKTOP-PPOL0UJ" name="com.testCases.JMB_Prof_And_40" tests="1" failures="0" timestamp="2022-07-11T16:41:12 EDT" time="16.860" errors="0">
  <testcase name="profileId" time="16.860" classname="com.testCases.JMB_Prof_And_40"/>
  <system-out/>
</testsuite> <!-- com.testCases.JMB_Prof_And_40 -->
