<?xml version="1.0" encoding="UTF-8"?>
<!-- Generated by org.testng.reporters.JUnitReportReporter -->
<testsuite skipped="0" hostname="DESKTOP-PPOL0UJ" name="com.testCases.JMB_Prof_And_34" tests="1" failures="0" timestamp="2022-07-01T11:41:49 EDT" time="18.958" errors="0">
  <testcase name="invalidContactName" time="18.958" classname="com.testCases.JMB_Prof_And_34"/>
  <system-out/>
</testsuite> <!-- com.testCases.JMB_Prof_And_34 -->
